0 info it worked if it ends with ok
1 verbose cli [ '/usr/local/bin/node',
1 verbose cli   '/usr/local/bin/npm',
1 verbose cli   'install',
1 verbose cli   '-g',
1 verbose cli   'nodemon' ]
2 info using npm@1.2.25
3 info using node@v0.10.10
4 verbose read json /usr/local/lib/package.json
5 verbose read json /usr/local/lib/package.json
6 verbose cache add [ 'nodemon', null ]
7 verbose cache add name=undefined spec="nodemon" args=["nodemon",null]
8 verbose parsed url { protocol: null,
8 verbose parsed url   slashes: null,
8 verbose parsed url   auth: null,
8 verbose parsed url   host: null,
8 verbose parsed url   port: null,
8 verbose parsed url   hostname: null,
8 verbose parsed url   hash: null,
8 verbose parsed url   search: null,
8 verbose parsed url   query: null,
8 verbose parsed url   pathname: 'nodemon',
8 verbose parsed url   path: 'nodemon',
8 verbose parsed url   href: 'nodemon' }
9 silly lockFile 1625b929-nodemon nodemon
10 verbose lock nodemon /root/.npm/1625b929-nodemon.lock
11 silly lockFile 1625b929-nodemon nodemon
12 silly lockFile 1625b929-nodemon nodemon
13 verbose addNamed [ 'nodemon', '' ]
14 verbose addNamed [ null, '' ]
15 silly lockFile 4f5e51c6-nodemon nodemon@
16 verbose lock nodemon@ /root/.npm/4f5e51c6-nodemon.lock
17 silly addNameRange { name: 'nodemon', range: '', hasData: false }
18 verbose url raw nodemon
19 verbose url resolving [ 'https://registry.npmjs.org/', './nodemon' ]
20 verbose url resolved https://registry.npmjs.org/nodemon
21 info trying registry request attempt 1 at 14:58:22
22 verbose etag "7FWL9YGKF7RABF8OJR6GVK2A9"
23 http GET https://registry.npmjs.org/nodemon
24 http 304 https://registry.npmjs.org/nodemon
25 silly registry.get cb [ 304,
25 silly registry.get   { date: 'Sun, 05 Jul 2015 20:58:23 GMT',
25 silly registry.get     via: '1.1 varnish',
25 silly registry.get     'cache-control': 'max-age=60',
25 silly registry.get     etag: '"7FWL9YGKF7RABF8OJR6GVK2A9"',
25 silly registry.get     age: '0',
25 silly registry.get     connection: 'keep-alive',
25 silly registry.get     'x-served-by': 'cache-dfw1825-DFW',
25 silly registry.get     'x-cache': 'HIT',
25 silly registry.get     'x-cache-hits': '1',
25 silly registry.get     'x-timer': 'S1436129903.079350,VS0,VE65',
25 silly registry.get     vary: 'Accept' } ]
26 verbose etag nodemon from cache
27 silly addNameRange number 2 { name: 'nodemon', range: '', hasData: true }
28 silly addNameRange versions [ 'nodemon',
28 silly addNameRange   [ '0.1.4',
28 silly addNameRange     '0.1.5',
28 silly addNameRange     '0.1.6',
28 silly addNameRange     '0.1.7',
28 silly addNameRange     '0.1.8',
28 silly addNameRange     '0.2.0',
28 silly addNameRange     '0.2.1',
28 silly addNameRange     '0.2.2',
28 silly addNameRange     '0.3.0',
28 silly addNameRange     '0.3.1',
28 silly addNameRange     '0.3.2',
28 silly addNameRange     '0.4.0',
28 silly addNameRange     '0.4.1',
28 silly addNameRange     '0.5.0',
28 silly addNameRange     '0.5.1',
28 silly addNameRange     '0.5.2',
28 silly addNameRange     '0.5.3',
28 silly addNameRange     '0.5.4',
28 silly addNameRange     '0.5.5',
28 silly addNameRange     '0.5.6',
28 silly addNameRange     '0.5.7',
28 silly addNameRange     '0.6.0',
28 silly addNameRange     '0.6.1',
28 silly addNameRange     '0.6.2',
28 silly addNameRange     '0.6.3',
28 silly addNameRange     '0.6.4',
28 silly addNameRange     '0.6.5',
28 silly addNameRange     '0.6.6',
28 silly addNameRange     '0.6.7',
28 silly addNameRange     '0.6.8',
28 silly addNameRange     '0.6.9',
28 silly addNameRange     '0.6.10',
28 silly addNameRange     '0.6.11',
28 silly addNameRange     '0.6.12',
28 silly addNameRange     '0.6.13',
28 silly addNameRange     '0.6.14',
28 silly addNameRange     '0.6.15',
28 silly addNameRange     '0.6.16',
28 silly addNameRange     '0.6.17',
28 silly addNameRange     '0.6.18',
28 silly addNameRange     '0.6.19',
28 silly addNameRange     '0.6.20',
28 silly addNameRange     '0.6.21',
28 silly addNameRange     '0.6.22',
28 silly addNameRange     '0.6.23',
28 silly addNameRange     '0.7.0',
28 silly addNameRange     '0.7.1',
28 silly addNameRange     '0.7.2',
28 silly addNameRange     '0.7.3',
28 silly addNameRange     '0.7.4',
28 silly addNameRange     '0.7.5',
28 silly addNameRange     '0.7.6',
28 silly addNameRange     '0.7.7',
28 silly addNameRange     '0.7.8',
28 silly addNameRange     '0.7.10',
28 silly addNameRange     '0.9.0',
28 silly addNameRange     '0.9.1',
28 silly addNameRange     '0.9.2',
28 silly addNameRange     '0.9.3',
28 silly addNameRange     '0.9.5',
28 silly addNameRange     '0.9.6',
28 silly addNameRange     '0.9.7',
28 silly addNameRange     '0.9.10',
28 silly addNameRange     '0.9.11',
28 silly addNameRange     '0.9.12',
28 silly addNameRange     '0.9.14',
28 silly addNameRange     '0.9.16',
28 silly addNameRange     '0.9.17',
28 silly addNameRange     '1.0.0',
28 silly addNameRange     '1.0.1',
28 silly addNameRange     '1.0.2',
28 silly addNameRange     '1.0.2-rc',
28 silly addNameRange     '0.6.10-a',
28 silly addNameRange     '1.0.2-rc3',
28 silly addNameRange     '1.0.2-rc4',
28 silly addNameRange     '1.0.3',
28 silly addNameRange     '1.0.4',
28 silly addNameRange     '1.0.5',
28 silly addNameRange     '1.0.6',
28 silly addNameRange     '1.0.7',
28 silly addNameRange     '1.0.8',
28 silly addNameRange     '1.0.9',
28 silly addNameRange     '1.0.10',
28 silly addNameRange     '1.0.11',
28 silly addNameRange     '1.0.12',
28 silly addNameRange     '1.0.13',
28 silly addNameRange     '1.0.14',
28 silly addNameRange     '1.0.15',
28 silly addNameRange     '1.0.16',
28 silly addNameRange     '1.0.17-rc1',
28 silly addNameRange     '1.0.17-rc2',
28 silly addNameRange     '1.0.17',
28 silly addNameRange     '1.0.18',
28 silly addNameRange     '1.0.19',
28 silly addNameRange     '1.0.20',
28 silly addNameRange     '1.1.0-alpha',
28 silly addNameRange     '1.1.0',
28 silly addNameRange     '1.1.1',
28 silly addNameRange     '1.2.0',
28 silly addNameRange     '1.2.1',
28 silly addNameRange     '1.3.0-0',
28 silly addNameRange     '1.3.0-1',
28 silly addNameRange     '1.3.0-2',
28 silly addNameRange     '1.3.0-3',
28 silly addNameRange     '1.3.0-4',
28 silly addNameRange     '1.3.0-5',
28 silly addNameRange     '1.3.0-6',
28 silly addNameRange     '1.3.0-7',
28 silly addNameRange     '1.3.0',
28 silly addNameRange     '1.3.1',
28 silly addNameRange     '1.3.2',
28 silly addNameRange     '1.3.3',
28 silly addNameRange     '1.3.5',
28 silly addNameRange     '1.3.6',
28 silly addNameRange     '1.3.7' ] ]
29 verbose addNamed [ 'nodemon', '1.3.7' ]
30 verbose addNamed [ '1.3.7', '1.3.7' ]
31 silly lockFile fec6bbf0-nodemon-1-3-7 nodemon@1.3.7
32 verbose lock nodemon@1.3.7 /root/.npm/fec6bbf0-nodemon-1-3-7.lock
33 verbose read json /root/.npm/nodemon/1.3.7/package/package.json
34 silly lockFile fec6bbf0-nodemon-1-3-7 nodemon@1.3.7
35 silly lockFile fec6bbf0-nodemon-1-3-7 nodemon@1.3.7
36 silly lockFile 4f5e51c6-nodemon nodemon@
37 silly lockFile 4f5e51c6-nodemon nodemon@
38 silly resolved [ { name: 'nodemon',
38 silly resolved     homepage: 'http://nodemon.io',
38 silly resolved     author: { name: 'Remy Sharp', url: 'http://github.com/remy' },
38 silly resolved     bin: { nodemon: './bin/nodemon.js' },
38 silly resolved     engines: { node: '>=0.8' },
38 silly resolved     repository: { type: 'git', url: 'http://github.com/remy/nodemon.git' },
38 silly resolved     description: 'Simple monitor script for use during development of a node.js app.',
38 silly resolved     keywords:
38 silly resolved      [ 'monitor',
38 silly resolved        'development',
38 silly resolved        'restart',
38 silly resolved        'autoload',
38 silly resolved        'reload',
38 silly resolved        'terminal' ],
38 silly resolved     version: '1.3.7',
38 silly resolved     preferGlobal: 'true',
38 silly resolved     licenses: [ [Object] ],
38 silly resolved     main: './lib/nodemon',
38 silly resolved     scripts:
38 silly resolved      { coverage: 'istanbul cover _mocha -- --timeout 30000 --ui bdd --reporter list test/**/*.test.js',
38 silly resolved        ':test': 'node_modules/.bin/mocha --timeout 30000 --ui bdd test/**/*.test.js',
38 silly resolved        test: 'for FILE in test/**/*.test.js; do echo $FILE; ./node_modules/.bin/mocha --timeout 30000 $FILE; if [ $? -ne 0 ]; then exit 1; fi; sleep 1; done',
38 silly resolved        web: 'node web' },
38 silly resolved     devDependencies:
38 silly resolved      { 'coffee-script': '~1.7.1',
38 silly resolved        connect: '~2.19.1',
38 silly resolved        istanbul: '~0.2.10',
38 silly resolved        mocha: '^2.0.1',
38 silly resolved        should: '~4.0.0' },
38 silly resolved     dependencies:
38 silly resolved      { minimatch: '~0.3.0',
38 silly resolved        'ps-tree': '~0.0.3',
38 silly resolved        touch: '~0.0.3',
38 silly resolved        'update-notifier': '^0.3.0' },
38 silly resolved     readme: '![nodemon logo](http://nodemon.io/nodemon.svg)\n\n# nodemon\n\n[![Flattr this](http://api.flattr.com/button/flattr-badge-large.png)](http://flattr.com/thing/1211372/remynodemon-on-GitHub)\n\nFor use during development of a node.js based application.\n\nnodemon will watch the files in the directory in which nodemon was started, and if any files change, nodemon will automatically restart your node application.\n\nnodemon does **not** require *any* changes to your code or method of development. nodemon simply wraps your node application and keeps an eye on any files that have changed. Remember that nodemon is a replacement wrapper for `node`, think of it as replacing the word "node" on the command line when you run your script.\n\n[![NPM version](https://badge.fury.io/js/nodemon.svg)](https://npmjs.org/package/nodemon)\n[![Travis Status](https://travis-ci.org/remy/nodemon.svg?branch=master)](https://travis-ci.org/remy/nodemon)\n\n# Installation\n\nEither through forking or by using [npm](http://npmjs.org) (the recommended way):\n\n    npm install -g nodemon\n\nAnd nodemon will be installed in to your bin path. Note that as of npm v1, you must explicitly tell npm to install globally as nodemon is a command line utility.\n\n# Usage\n\nnodemon wraps your application, so you can pass all the arguments you would normally pass to your app:\n\n    nodemon [your node app]\n\nFor CLI options, use the `-h` (or `--help`) argument:\n\n    nodemon -h\n\nUsing nodemon is simple, if my application accepted a host and port as the arguments, I would start it as so:\n\n    nodemon ./server.js localhost 8080\n\nAny output from this script is prefixed with `[nodemon]`, otherwise all output from your application, errors included, will be echoed out as expected.\n\nnodemon also supports running and monitoring [coffee-script](http://jashkenas.github.com/coffee-script/) apps:\n\n    nodemon server.coffee\n\nIf no script is given, nodemon will test for a `package.json` file and if found, will run the file associated with the *main* property ([ref](https://github.com/remy/nodemon/issues/14)).\n\nYou can also pass the debug flag to node through the command line as you would normally:\n\n    nodemon --debug ./server.js 80\n\nIf you have a `package.json` file for your app, you can omit the main script entirely and nodemon will read the `package.json` for the `main` property and use that value as the app.\n\nnodemon will also search for the `scripts.start` property in `package.json` (as of nodemon 1.1.x).\n\nAlso check out the [FAQ](https://github.com/remy/nodemon/blob/master/faq.md) or [issues](https://github.com/remy/nodemon/issues) for nodemon.\n\n## Automatic re-running\n\nnodemon was originally written to restart hanging processes such as web servers, but now supports apps that cleanly exit. If your script exits cleanly, nodemon will continue to monitor the directory (or directories) and restart the script if there are any changes.\n\n## Manual restarting\n\nWhilst nodemon is running, if you need to manually restart your application, instead of stopping and restart nodemon, you can simply type `rs` with a carriage return, and nodemon will restart your process.\n\n## Config files\n\nnodemon supports local and global configuration files. These are named `nodemon.json` and can be located in the current working directory or in your home directory.\n\nThe specificity is as follows, so that a command line argument will always override the config file settings:\n\n- command line arguments\n- local config\n- global config\n\nA config file can take any of the command line arguments as JSON key values, for example:\n\n    {\n      "verbose": true,\n      "ignore": ["*.test.js", "fixtures/*"],\n      "execMap": {\n        "rb": "ruby",\n        "pde": "processing --sketch={{pwd}} --run"\n      }\n    }\n\nThe above `nodemon.json` file might be my global config so that I have support for ruby files and processing files, and I can simply run `nodemon demo.pde` and nodemon will automatically know how to run the script even though out of the box support for processing scripts.\n\nA further example of options can be seen in [sample-nodemon.md](https://github.com/remy/nodemon/blob/master/doc/sample-nodemon.md)\n\n*This section needs better documentation, but for now you can also see `nodemon --help config` ([also here](https://github.com/remy/nodemon/blob/master/doc/cli/config.txt))*.\n\n## Using nodemon as a module\n\nPlease see [doc/requireable.md](doc/requireable.md)\n\n## Running non-node scripts\n\nnodemon can also be used to execute and monitor other programs. nodemon will read the file extension of the script being run and monitor that extension instead of .js if there\'s no .nodemonignore:\n\n    nodemon --exec "python -v" ./app.py\n\nNow nodemon will run `app.py` with python in verbose mode (note that if you\'re not passing args to the exec program, you don\'t need the quotes), and look for new or modified files with the `.py` extension.\n\n### Default executables\n\nUsing the `nodemon.json` config file, you can define your own default executables using the `execMap` property. This is particularly useful if you\'re working with a language that isn\'t supported by default by nodemon.\n\nTo add support for nodemon to know about the .pl extension (for Perl), the nodemon.json file would add:\n\n    {\n      "execMap": {\n         "pl": "perl"\n      }\n    }\n\nNow running the following, nodemon will know to use `perl` as the executable:\n\n    nodemon script.pl\n\nIt\'s generally recommended to use the global `nodemon.json` to add your own `execMap` options. However, if there\'s a common default that\'s missing, this can be merged in to the project so that nodemon supports it by default, by changing [default.js](https://github.com/remy/nodemon/blob/master/lib/config/defaults.js) and sending a pull request.\n\n## Monitoring multiple directories\n\nBy default nodemon monitors the current working directory. If you want to take control of that option, use the `--watch` option to add specific paths:\n\n    nodemon --watch app --watch libs app/server.js\n\nNow nodemon will only restart if there are changes in the `./app` or `./libs` directory. By default nodemon will traverse sub-directories, so there\'s no need in explicitly including sub-directories.\n\n## Specifying extension watch list\n\nBy default, nodemon looks for files with the `.js`, `.coffee`, and `.litcoffee` extensions. If you use the `--exec` option and monitor `app.py` nodemon will monitor files with the extension of `.py`. However, you can specify your own list with the `-e` (or `--ext`) switch like so:\n\n    nodemon -e js,jade\n\nNow nodemon will restart on any changes to files in the directory (or subdirectories) with the extensions .js, .jade.\n\n## Ignoring files\n\nBy default, nodemon will only restart when a `.js` JavaScript file changes. In some cases you will want to ignore some specific files, directories or file patterns, to prevent nodemon from prematurely restarting your application.\n\nThis can be done via the command line:\n\n    nodemon --ignore lib/ --ignore tests/\n\nOr specific files can be ignored:\n\n    nodemon --ignore lib/app.js\n\nPatterns can also be ignored (but be sure to quote the arguments):\n\n    nodemon --ignore \'lib/*.js\'\n\nNote that by default, nodemon will ignore the `.git`, `node_modules`, `bower_components` and `.sass-cache` directories.\n\n## Delaying restarting\n\nIn some situations, you may want to wait until a number of files have changed. The timeout before checking for new file changes is 1 second. If you\'re uploading a number of files and it\'s taking some number of seconds, this could cause your app to restart multiple times unnecessarily.\n\nTo add an extra throttle, or delay restarting, use the `--delay` command:\n\n    nodemon --delay 10 server.js\n\nFor more precision, milliseconds can be specified.  Either as a float:\n\n    nodemon --delay 2.5 server.js\n\nOr using the time specifier (ms):\n\n    nodemon --delay 2500ms server.js\n\nThe delay figure is number of seconds (or milliseconds, if specified) to delay before restarting. So nodemon will only restart your app the given number of seconds after the *last* file change.\n\n## Controlling shutdown of your script\n\nnodemon sends a kill signal to your application when it sees a file update. If you need to clean up on shutdown inside your script you can capture the kill signal and handle it yourself.\n\nThe following example will listen once for the `SIGUSR2` signal (used by nodemon to restart), run the clean up process and then kill itself for nodemon to continue control:\n\n    process.once(\'SIGUSR2\', function () {\n      gracefulShutdown(function () {\n        process.kill(process.pid, \'SIGUSR2\');\n      });\n    });\n\nNote that the `process.kill` is *only* called once your shutdown jobs are complete. Hat tip to [Benjie Gillam](http://www.benjiegillam.com/2011/08/node-js-clean-restart-and-faster-development-with-nodemon/) for writing this technique up.\n\n## Triggering events when nodemon state changes\n\nIf you want growl like notifications when nodemon restarts or to trigger an action when an event happens, then you can either `require` nodemon or simply add event actions to your `nodemon.json` file.\n\nFor example, to trigger a notification on a Mac when nodemon restarts, `nodemon.json` looks like this:\n\n```json\n{\n  "events": {\n    "restart": "osascript -e \'display notification \\"app restarted\\" with title \\"nodemon\\"\'"\n  }\n}\n```\n\nA full list of available events is listed on the [event states wiki](https://github.com/remy/nodemon/wiki/Events#states). Note that you can bind to both states and messages.\n\n## Pipe output to somewhere else\n\n```js\nnodemon({\n  script: ...,\n  stdout: false // important: this tells nodemon not to output to console\n}).on(\'readable\', function() { // the `readable` event indicates that data is ready to pick up\n  this.stdout.pipe(fs.createWriteStream(\'output.txt\'));\n  this.stderr.pipe(fs.createWriteStream(\'err.txt\'));\n});\n```\n\n## Using io.js for nodemon\n\nIf you *only* have io.js installed (and the default install creates a symlink from `node` to `iojs`), then nodemon will work just fine out of the box (or [should](https://github.com/remy/nodemon/issues/468)).\n\nIf you\'ve got *both* node and io.js installed, then it\'s easy! You can either edit the local `nodemon.json` file (in your working directory) or in your `$HOME` directory containing:\n\n```json\n{\n  "execMap": {\n    "js": "iojs"\n  }\n}\n```\n\nNow you nodemon will use [io.js](https://iojs.org/) with JavaScript files instead of node.\n\n## Using nodemon in your gulp workflow\n\nCheck out the [gulp-nodemon](https://github.com/JacksonGariety/gulp-nodemon) plugin to integrate nodemon with the rest of your project\'s gulp workflow.\n\n## Using nodemon in your Grunt workflow\n\nCheck out the [grunt-nodemon](https://github.com/ChrisWren/grunt-nodemon) plugin to integrate nodemon with the rest of your project\'s grunt workflow.\n\n## FAQ\n\nSee the [FAQ](https://github.com/remy/nodemon/blob/master/faq.md) and please add your own questions if you think they would help others.\n\n# License\n\nMIT [http://rem.mit-license.org](http://rem.mit-license.org)\n',
38 silly resolved     readmeFilename: 'README.md',
38 silly resolved     bugs: { url: 'https://github.com/remy/nodemon/issues' },
38 silly resolved     _id: 'nodemon@1.3.7',
38 silly resolved     _from: 'nodemon@' } ]
39 info install nodemon@1.3.7 into /usr/local/lib
40 info installOne nodemon@1.3.7
41 verbose from cache /root/.npm/nodemon/1.3.7/package/package.json
42 info /usr/local/lib/node_modules/nodemon unbuild
43 verbose read json /usr/local/lib/node_modules/nodemon/package.json
44 verbose tar unpack /root/.npm/nodemon/1.3.7/package.tgz
45 silly lockFile 49f7ed19-r-local-lib-node-modules-nodemon /usr/local/lib/node_modules/nodemon
46 verbose lock /usr/local/lib/node_modules/nodemon /root/.npm/49f7ed19-r-local-lib-node-modules-nodemon.lock
47 silly lockFile 314a0593-ot-npm-nodemon-1-3-7-package-tgz /root/.npm/nodemon/1.3.7/package.tgz
48 verbose lock /root/.npm/nodemon/1.3.7/package.tgz /root/.npm/314a0593-ot-npm-nodemon-1-3-7-package-tgz.lock
49 silly gunzTarPerm modes [ '755', '644' ]
50 silly gunzTarPerm extractEntry package.json
51 silly gunzTarPerm extractEntry .npmignore
52 silly gunzTarPerm extractEntry README.md
53 silly gunzTarPerm extractEntry bin/nodemon.js
54 silly gunzTarPerm extractEntry .jshintrc
55 silly gunzTarPerm extractEntry .travis.yml
56 silly gunzTarPerm extractEntry doc/arch.md
57 silly gunzTarPerm extractEntry doc/cli/authors.txt
58 silly gunzTarPerm extractEntry doc/cli/config.txt
59 silly gunzTarPerm extractEntry doc/cli/help.txt
60 silly gunzTarPerm extractEntry doc/cli/logo.txt
61 silly gunzTarPerm extractEntry doc/cli/topics.txt
62 silly gunzTarPerm extractEntry doc/cli/usage.txt
63 silly gunzTarPerm extractEntry doc/cli/whoami.txt
64 silly gunzTarPerm extractEntry doc/events.md
65 silly gunzTarPerm extractEntry doc/option-parsing-logic.md
66 silly gunzTarPerm extractEntry doc/requireable.md
67 silly gunzTarPerm extractEntry doc/rules.md
68 silly gunzTarPerm extractEntry doc/sample-nodemon.md
69 silly gunzTarPerm extractEntry faq.md
70 silly gunzTarPerm extractEntry lib/index.js
71 silly gunzTarPerm extractEntry lib/nodemon.js
72 silly gunzTarPerm extractEntry lib/spawn.js
73 silly gunzTarPerm extractEntry lib/version.js
74 silly gunzTarPerm extractEntry lib/cli/index.js
75 silly gunzTarPerm extractEntry lib/cli/parse.js
76 silly gunzTarPerm extractEntry lib/config/checkWatchSupport.js
77 silly gunzTarPerm extractEntry lib/config/command.js
78 silly gunzTarPerm extractEntry lib/config/defaults.js
79 silly gunzTarPerm extractEntry lib/config/exec.js
80 silly gunzTarPerm extractEntry lib/config/index.js
81 silly gunzTarPerm extractEntry lib/config/load.js
82 silly gunzTarPerm extractEntry lib/config/watchable.js
83 silly gunzTarPerm extractEntry lib/help/index.js
84 silly gunzTarPerm extractEntry lib/monitor/changed-since.js
85 silly gunzTarPerm extractEntry lib/monitor/index.js
86 silly gunzTarPerm extractEntry lib/monitor/match.js
87 silly gunzTarPerm extractEntry lib/monitor/offset.js
88 silly gunzTarPerm extractEntry lib/monitor/run.js
89 silly gunzTarPerm extractEntry lib/monitor/watch.js
90 silly gunzTarPerm extractEntry lib/rules/add.js
91 silly gunzTarPerm extractEntry lib/rules/index.js
92 silly gunzTarPerm extractEntry lib/rules/parse.js
93 silly gunzTarPerm extractEntry lib/utils/bus.js
94 silly gunzTarPerm extractEntry lib/utils/clone.js
95 silly gunzTarPerm extractEntry lib/utils/colour.js
96 silly gunzTarPerm extractEntry lib/utils/index.js
97 silly gunzTarPerm extractEntry lib/utils/log.js
98 silly gunzTarPerm extractEntry lib/utils/merge.js
99 silly gunzTarPerm extractEntry CONTRIBUTING.md
100 silly gunzTarPerm extractEntry web/index.js
101 silly gunzTarPerm extractEntry web/index.html
102 silly gunzTarPerm extractEntry web/nodemon.svg
103 verbose read json /usr/local/lib/node_modules/nodemon/package.json
104 silly lockFile 49f7ed19-r-local-lib-node-modules-nodemon /usr/local/lib/node_modules/nodemon
105 silly lockFile 49f7ed19-r-local-lib-node-modules-nodemon /usr/local/lib/node_modules/nodemon
106 silly lockFile 314a0593-ot-npm-nodemon-1-3-7-package-tgz /root/.npm/nodemon/1.3.7/package.tgz
107 silly lockFile 314a0593-ot-npm-nodemon-1-3-7-package-tgz /root/.npm/nodemon/1.3.7/package.tgz
108 info preinstall nodemon@1.3.7
109 verbose from cache /usr/local/lib/node_modules/nodemon/package.json
110 verbose readDependencies using package.json deps
111 verbose from cache /usr/local/lib/node_modules/nodemon/package.json
112 verbose readDependencies using package.json deps
113 verbose cache add [ 'minimatch@~0.3.0', null ]
114 verbose cache add name=undefined spec="minimatch@~0.3.0" args=["minimatch@~0.3.0",null]
115 verbose parsed url { protocol: null,
115 verbose parsed url   slashes: null,
115 verbose parsed url   auth: null,
115 verbose parsed url   host: null,
115 verbose parsed url   port: null,
115 verbose parsed url   hostname: null,
115 verbose parsed url   hash: null,
115 verbose parsed url   search: null,
115 verbose parsed url   query: null,
115 verbose parsed url   pathname: 'minimatch@~0.3.0',
115 verbose parsed url   path: 'minimatch@~0.3.0',
115 verbose parsed url   href: 'minimatch@~0.3.0' }
116 verbose cache add name="minimatch" spec="~0.3.0" args=["minimatch","~0.3.0"]
117 verbose parsed url { protocol: null,
117 verbose parsed url   slashes: null,
117 verbose parsed url   auth: null,
117 verbose parsed url   host: null,
117 verbose parsed url   port: null,
117 verbose parsed url   hostname: null,
117 verbose parsed url   hash: null,
117 verbose parsed url   search: null,
117 verbose parsed url   query: null,
117 verbose parsed url   pathname: '~0.3.0',
117 verbose parsed url   path: '~0.3.0',
117 verbose parsed url   href: '~0.3.0' }
118 verbose addNamed [ 'minimatch', '~0.3.0' ]
119 verbose addNamed [ null, '>=0.3.0- <0.4.0-' ]
120 silly lockFile ccaaa04c-minimatch-0-3-0 minimatch@~0.3.0
121 verbose lock minimatch@~0.3.0 /root/.npm/ccaaa04c-minimatch-0-3-0.lock
122 verbose cache add [ 'ps-tree@~0.0.3', null ]
123 verbose cache add name=undefined spec="ps-tree@~0.0.3" args=["ps-tree@~0.0.3",null]
124 verbose parsed url { protocol: null,
124 verbose parsed url   slashes: null,
124 verbose parsed url   auth: null,
124 verbose parsed url   host: null,
124 verbose parsed url   port: null,
124 verbose parsed url   hostname: null,
124 verbose parsed url   hash: null,
124 verbose parsed url   search: null,
124 verbose parsed url   query: null,
124 verbose parsed url   pathname: 'ps-tree@~0.0.3',
124 verbose parsed url   path: 'ps-tree@~0.0.3',
124 verbose parsed url   href: 'ps-tree@~0.0.3' }
125 verbose cache add name="ps-tree" spec="~0.0.3" args=["ps-tree","~0.0.3"]
126 verbose parsed url { protocol: null,
126 verbose parsed url   slashes: null,
126 verbose parsed url   auth: null,
126 verbose parsed url   host: null,
126 verbose parsed url   port: null,
126 verbose parsed url   hostname: null,
126 verbose parsed url   hash: null,
126 verbose parsed url   search: null,
126 verbose parsed url   query: null,
126 verbose parsed url   pathname: '~0.0.3',
126 verbose parsed url   path: '~0.0.3',
126 verbose parsed url   href: '~0.0.3' }
127 verbose addNamed [ 'ps-tree', '~0.0.3' ]
128 verbose addNamed [ null, '>=0.0.3- <0.1.0-' ]
129 silly lockFile b5bd920b-ps-tree-0-0-3 ps-tree@~0.0.3
130 verbose lock ps-tree@~0.0.3 /root/.npm/b5bd920b-ps-tree-0-0-3.lock
131 verbose cache add [ 'touch@~0.0.3', null ]
132 verbose cache add name=undefined spec="touch@~0.0.3" args=["touch@~0.0.3",null]
133 verbose parsed url { protocol: null,
133 verbose parsed url   slashes: null,
133 verbose parsed url   auth: null,
133 verbose parsed url   host: null,
133 verbose parsed url   port: null,
133 verbose parsed url   hostname: null,
133 verbose parsed url   hash: null,
133 verbose parsed url   search: null,
133 verbose parsed url   query: null,
133 verbose parsed url   pathname: 'touch@~0.0.3',
133 verbose parsed url   path: 'touch@~0.0.3',
133 verbose parsed url   href: 'touch@~0.0.3' }
134 verbose cache add name="touch" spec="~0.0.3" args=["touch","~0.0.3"]
135 verbose parsed url { protocol: null,
135 verbose parsed url   slashes: null,
135 verbose parsed url   auth: null,
135 verbose parsed url   host: null,
135 verbose parsed url   port: null,
135 verbose parsed url   hostname: null,
135 verbose parsed url   hash: null,
135 verbose parsed url   search: null,
135 verbose parsed url   query: null,
135 verbose parsed url   pathname: '~0.0.3',
135 verbose parsed url   path: '~0.0.3',
135 verbose parsed url   href: '~0.0.3' }
136 verbose addNamed [ 'touch', '~0.0.3' ]
137 verbose addNamed [ null, '>=0.0.3- <0.1.0-' ]
138 silly lockFile b07d6d67-touch-0-0-3 touch@~0.0.3
139 verbose lock touch@~0.0.3 /root/.npm/b07d6d67-touch-0-0-3.lock
140 silly addNameRange { name: 'minimatch', range: '>=0.3.0- <0.4.0-', hasData: false }
141 silly addNameRange { name: 'ps-tree', range: '>=0.0.3- <0.1.0-', hasData: false }
142 silly addNameRange { name: 'touch', range: '>=0.0.3- <0.1.0-', hasData: false }
143 verbose cache add [ 'update-notifier@^0.3.0', null ]
144 verbose cache add name=undefined spec="update-notifier@^0.3.0" args=["update-notifier@^0.3.0",null]
145 verbose parsed url { protocol: null,
145 verbose parsed url   slashes: null,
145 verbose parsed url   auth: null,
145 verbose parsed url   host: null,
145 verbose parsed url   port: null,
145 verbose parsed url   hostname: null,
145 verbose parsed url   hash: null,
145 verbose parsed url   search: null,
145 verbose parsed url   query: null,
145 verbose parsed url   pathname: 'update-notifier@^0.3.0',
145 verbose parsed url   path: 'update-notifier@^0.3.0',
145 verbose parsed url   href: 'update-notifier@^0.3.0' }
146 verbose cache add name="update-notifier" spec="^0.3.0" args=["update-notifier","^0.3.0"]
147 verbose parsed url { protocol: null,
147 verbose parsed url   slashes: null,
147 verbose parsed url   auth: null,
147 verbose parsed url   host: null,
147 verbose parsed url   port: null,
147 verbose parsed url   hostname: null,
147 verbose parsed url   hash: null,
147 verbose parsed url   search: null,
147 verbose parsed url   query: null,
147 verbose parsed url   pathname: '^0.3.0',
147 verbose parsed url   path: '^0.3.0',
147 verbose parsed url   href: '^0.3.0' }
148 verbose addNamed [ 'update-notifier', '^0.3.0' ]
149 verbose addNamed [ null, null ]
150 silly lockFile c2368604-update-notifier-0-3-0 update-notifier@^0.3.0
151 verbose lock update-notifier@^0.3.0 /root/.npm/c2368604-update-notifier-0-3-0.lock
152 info addNameTag [ 'update-notifier', '^0.3.0' ]
153 verbose url raw minimatch
154 verbose url resolving [ 'https://registry.npmjs.org/', './minimatch' ]
155 verbose url resolved https://registry.npmjs.org/minimatch
156 info trying registry request attempt 1 at 14:58:22
157 verbose etag "5FDGCBZLO4QS3AS27VKQUETBG"
158 http GET https://registry.npmjs.org/minimatch
159 verbose url raw ps-tree
160 verbose url resolving [ 'https://registry.npmjs.org/', './ps-tree' ]
161 verbose url resolved https://registry.npmjs.org/ps-tree
162 info trying registry request attempt 1 at 14:58:22
163 verbose etag "7XUXOYN4EU3LG7WJ1ZJRDVMAB"
164 http GET https://registry.npmjs.org/ps-tree
165 verbose url raw touch
166 verbose url resolving [ 'https://registry.npmjs.org/', './touch' ]
167 verbose url resolved https://registry.npmjs.org/touch
168 info trying registry request attempt 1 at 14:58:22
169 verbose etag "BZ27R72CQ7316RETIA3TJIR48"
170 http GET https://registry.npmjs.org/touch
171 verbose url raw update-notifier
172 verbose url resolving [ 'https://registry.npmjs.org/', './update-notifier' ]
173 verbose url resolved https://registry.npmjs.org/update-notifier
174 info trying registry request attempt 1 at 14:58:22
175 verbose etag "A1ZII42P9PPJMNEPIEIER383N"
176 http GET https://registry.npmjs.org/update-notifier
177 http 304 https://registry.npmjs.org/touch
178 silly registry.get cb [ 304,
178 silly registry.get   { date: 'Sun, 05 Jul 2015 20:58:23 GMT',
178 silly registry.get     via: '1.1 varnish',
178 silly registry.get     'cache-control': 'max-age=60',
178 silly registry.get     etag: '"BZ27R72CQ7316RETIA3TJIR48"',
178 silly registry.get     age: '46',
178 silly registry.get     connection: 'keep-alive',
178 silly registry.get     'x-served-by': 'cache-dfw1835-DFW',
178 silly registry.get     'x-cache': 'HIT',
178 silly registry.get     'x-cache-hits': '1',
178 silly registry.get     'x-timer': 'S1436129903.499391,VS0,VE0',
178 silly registry.get     vary: 'Accept' } ]
179 verbose etag touch from cache
180 http 304 https://registry.npmjs.org/minimatch
181 silly registry.get cb [ 304,
181 silly registry.get   { date: 'Sun, 05 Jul 2015 20:58:23 GMT',
181 silly registry.get     via: '1.1 varnish',
181 silly registry.get     'cache-control': 'max-age=60',
181 silly registry.get     etag: '"5FDGCBZLO4QS3AS27VKQUETBG"',
181 silly registry.get     age: '44',
181 silly registry.get     connection: 'keep-alive',
181 silly registry.get     'x-served-by': 'cache-dfw1821-DFW',
181 silly registry.get     'x-cache': 'HIT',
181 silly registry.get     'x-cache-hits': '1',
181 silly registry.get     'x-timer': 'S1436129903.499841,VS0,VE0',
181 silly registry.get     vary: 'Accept' } ]
182 verbose etag minimatch from cache
183 http 304 https://registry.npmjs.org/ps-tree
184 silly registry.get cb [ 304,
184 silly registry.get   { date: 'Sun, 05 Jul 2015 20:58:23 GMT',
184 silly registry.get     via: '1.1 varnish',
184 silly registry.get     'cache-control': 'max-age=60',
184 silly registry.get     etag: '"7XUXOYN4EU3LG7WJ1ZJRDVMAB"',
184 silly registry.get     age: '46',
184 silly registry.get     connection: 'keep-alive',
184 silly registry.get     'x-served-by': 'cache-dfw1832-DFW',
184 silly registry.get     'x-cache': 'HIT',
184 silly registry.get     'x-cache-hits': '1',
184 silly registry.get     'x-timer': 'S1436129903.499210,VS0,VE0',
184 silly registry.get     vary: 'Accept' } ]
185 verbose etag ps-tree from cache
186 silly addNameRange number 2 { name: 'minimatch', range: '>=0.3.0- <0.4.0-', hasData: true }
187 silly addNameRange versions [ 'minimatch',
187 silly addNameRange   [ '0.0.1',
187 silly addNameRange     '0.0.2',
187 silly addNameRange     '0.0.4',
187 silly addNameRange     '0.0.5',
187 silly addNameRange     '0.1.1',
187 silly addNameRange     '0.1.2',
187 silly addNameRange     '0.1.3',
187 silly addNameRange     '0.1.4',
187 silly addNameRange     '0.1.5',
187 silly addNameRange     '0.2.0',
187 silly addNameRange     '0.2.2',
187 silly addNameRange     '0.2.3',
187 silly addNameRange     '0.2.4',
187 silly addNameRange     '0.2.5',
187 silly addNameRange     '0.2.6',
187 silly addNameRange     '0.2.7',
187 silly addNameRange     '0.2.8',
187 silly addNameRange     '0.2.9',
187 silly addNameRange     '0.2.10',
187 silly addNameRange     '0.2.11',
187 silly addNameRange     '0.2.12',
187 silly addNameRange     '0.2.13',
187 silly addNameRange     '0.2.14',
187 silly addNameRange     '0.3.0',
187 silly addNameRange     '0.4.0',
187 silly addNameRange     '1.0.0',
187 silly addNameRange     '2.0.0',
187 silly addNameRange     '2.0.1',
187 silly addNameRange     '2.0.2',
187 silly addNameRange     '2.0.3',
187 silly addNameRange     '2.0.4',
187 silly addNameRange     '2.0.5',
187 silly addNameRange     '2.0.6',
187 silly addNameRange     '2.0.7',
187 silly addNameRange     '2.0.8' ] ]
188 verbose addNamed [ 'minimatch', '0.3.0' ]
189 verbose addNamed [ '0.3.0', '0.3.0' ]
190 silly lockFile fbcfe8c1-minimatch-0-3-0 minimatch@0.3.0
191 verbose lock minimatch@0.3.0 /root/.npm/fbcfe8c1-minimatch-0-3-0.lock
192 silly addNameRange number 2 { name: 'touch', range: '>=0.0.3- <0.1.0-', hasData: true }
193 silly addNameRange versions [ 'touch', [ '0.0.1', '0.0.2', '0.0.3' ] ]
194 verbose addNamed [ 'touch', '0.0.3' ]
195 verbose addNamed [ '0.0.3', '0.0.3' ]
196 silly lockFile 9e09bbf2-touch-0-0-3 touch@0.0.3
197 verbose lock touch@0.0.3 /root/.npm/9e09bbf2-touch-0-0-3.lock
198 silly addNameRange number 2 { name: 'ps-tree', range: '>=0.0.3- <0.1.0-', hasData: true }
199 silly addNameRange versions [ 'ps-tree', [ '0.0.0', '0.0.1', '0.0.2', '0.0.3', '1.0.0' ] ]
200 verbose addNamed [ 'ps-tree', '0.0.3' ]
201 verbose addNamed [ '0.0.3', '0.0.3' ]
202 silly lockFile d4596f2e-ps-tree-0-0-3 ps-tree@0.0.3
203 verbose lock ps-tree@0.0.3 /root/.npm/d4596f2e-ps-tree-0-0-3.lock
204 verbose read json /root/.npm/minimatch/0.3.0/package/package.json
205 verbose read json /root/.npm/touch/0.0.3/package/package.json
206 verbose read json /root/.npm/ps-tree/0.0.3/package/package.json
207 silly lockFile fbcfe8c1-minimatch-0-3-0 minimatch@0.3.0
208 silly lockFile fbcfe8c1-minimatch-0-3-0 minimatch@0.3.0
209 silly lockFile 9e09bbf2-touch-0-0-3 touch@0.0.3
210 silly lockFile 9e09bbf2-touch-0-0-3 touch@0.0.3
211 silly lockFile d4596f2e-ps-tree-0-0-3 ps-tree@0.0.3
212 silly lockFile d4596f2e-ps-tree-0-0-3 ps-tree@0.0.3
213 silly lockFile ccaaa04c-minimatch-0-3-0 minimatch@~0.3.0
214 silly lockFile ccaaa04c-minimatch-0-3-0 minimatch@~0.3.0
215 silly lockFile b07d6d67-touch-0-0-3 touch@~0.0.3
216 silly lockFile b07d6d67-touch-0-0-3 touch@~0.0.3
217 silly lockFile b5bd920b-ps-tree-0-0-3 ps-tree@~0.0.3
218 silly lockFile b5bd920b-ps-tree-0-0-3 ps-tree@~0.0.3
219 http 304 https://registry.npmjs.org/update-notifier
220 silly registry.get cb [ 304,
220 silly registry.get   { date: 'Sun, 05 Jul 2015 20:58:23 GMT',
220 silly registry.get     via: '1.1 varnish',
220 silly registry.get     'cache-control': 'max-age=60',
220 silly registry.get     etag: '"A1ZII42P9PPJMNEPIEIER383N"',
220 silly registry.get     age: '0',
220 silly registry.get     connection: 'keep-alive',
220 silly registry.get     'x-served-by': 'cache-dfw1835-DFW',
220 silly registry.get     'x-cache': 'HIT',
220 silly registry.get     'x-cache-hits': '1',
220 silly registry.get     'x-timer': 'S1436129903.499381,VS0,VE45',
220 silly registry.get     vary: 'Accept' } ]
221 verbose etag update-notifier from cache
222 silly lockFile c2368604-update-notifier-0-3-0 update-notifier@^0.3.0
223 silly lockFile c2368604-update-notifier-0-3-0 update-notifier@^0.3.0
224 verbose about to build /usr/local/lib/node_modules/nodemon
225 info /usr/local/lib/node_modules/nodemon unbuild
226 verbose from cache /usr/local/lib/node_modules/nodemon/package.json
227 info preuninstall nodemon@1.3.7
228 info uninstall nodemon@1.3.7
229 verbose true,/usr/local/lib/node_modules,/usr/local/lib/node_modules unbuild nodemon@1.3.7
230 verbose /usr/local/bin,[object Object] binRoot
231 info postuninstall nodemon@1.3.7
232 error Error: No compatible version found: update-notifier@'^0.3.0'
232 error Valid install targets:
232 error ["0.1.0","0.1.1","0.1.2","0.1.3","0.1.4","0.1.5","0.1.6","0.1.7","0.1.8","0.1.9","0.1.10","0.2.0","0.2.1","0.2.2","0.3.0","0.3.1","0.3.2","0.4.0","0.5.0"]
232 error     at installTargetsError (/usr/local/lib/node_modules/npm/lib/cache.js:709:10)
232 error     at /usr/local/lib/node_modules/npm/lib/cache.js:631:10
232 error     at saved (/usr/local/lib/node_modules/npm/node_modules/npm-registry-client/lib/get.js:138:7)
232 error     at Object.oncomplete (fs.js:107:15)
233 error If you need help, you may report this log at:
233 error     <http://github.com/isaacs/npm/issues>
233 error or email it to:
233 error     <npm-@googlegroups.com>
234 error System Linux 3.16.0-0.bpo.4-amd64
235 error command "/usr/local/bin/node" "/usr/local/bin/npm" "install" "-g" "nodemon"
236 error cwd /home/cbartlet/fun/Arduino/desertviper/nodejs_app
237 error node -v v0.10.10
238 error npm -v 1.2.25
239 verbose exit [ 1, true ]
